<?xml version="1.0" encoding="UTF-8"?>
<!-- Generated by org.testng.reporters.JUnitReportReporter -->
<testsuite hostname="HP-14s" failures="0" tests="1" name="inetbanking.testCases.Tc_LoginTest_001" time="3.004" errors="0" timestamp="2022-12-26T09:33:45 IST" skipped="0">
  <testcase classname="inetbanking.testCases.Tc_LoginTest_001" name="LoginTest" time="3.004"/>
  <system-out/>
</testsuite> <!-- inetbanking.testCases.Tc_LoginTest_001 -->
