<?xml version="1.0" encoding="UTF-8"?>
<!-- Generated by org.testng.reporters.JUnitReportReporter -->
<testsuite hostname="HP-14s" failures="0" tests="1" name="inetbanking.testCases.Tc_LoginTest_001" time="4.518" errors="0" timestamp="2022-12-26T10:40:14 IST" skipped="0">
  <testcase classname="inetbanking.testCases.Tc_LoginTest_001" name="LoginTest" time="4.518"/>
  <system-out/>
</testsuite> <!-- inetbanking.testCases.Tc_LoginTest_001 -->
